G11-TS100: START
G11-TS0-LOG2: priv_task1: basic memory test on IRAM1
G11-TS0-LOG : Test[0]-[0]: Allocating the first half of the RAM, check non-NULL return.
G11-TS0-LOG : Test[0]-[0]: result = 1.
G11-TS0-LOG : Test[0]-[1]: Allocating a quarter of the RAM (50% of the remainder), check not null, not the same as p[0].
G11-TS0-LOG : Test[0]-[1]: result = 1.
G11-TS0-LOG : Test[0]-[2]: Allocating an eighth of the RAM (50% of the remainder), check not null, not the same as p[1] and therefore p[0].
G11-TS0-LOG : Test[0]-[2]: result = 1.
G11-TS0-LOG : Test[0]-[3]: Allocating a sixteenth of the RAM (50% of the remainder), check not null, not the same as p[2], and therefore p[1] and p[0].
G11-TS0-LOG : Test[0]-[3]: result = 1.
0x20083800: 0x800
1 free memory block(s) found
G11-TS0-LOG : Test[0]-[4]: Check mem2_dump return value is one (1 block available).
G11-TS0-LOG : Test[0]-[4]: result = 1.
G11-TS0-LOG : Test[0]-[5]: Allocating a sixteenth of the RAM (100% of the remainder), check not null, not the same as p[3], and therefore p[2], p[1] and p[0].
G11-TS0-LOG : Test[0]-[5]: result = 1.
G11-TS0-LOG : Test[0]-[6]: Allocating when there is no free memory, check NULL return.
G11-TS0-LOG : Test[0]-[6]: result = 1.
0 free memory block(s) found
G11-TS0-LOG : Test[0]-[7]: Check mem2_dump return value is zero.
G11-TS0-LOG : Test[0]-[7]: result = 1.
0x2007c000: 0x4000
1 free memory block(s) found
G11-TS0-LOG : Test[0]-[8]: Free p[0], checking mem2_dump return val is one.
G11-TS0-LOG : Test[0]-[8]: result = 1.
G11-TS0-LOG : Test[0]-[9]: Allocating an eighth of the RAM (25% of the remainder), check not null, not the same as p[5], and therefore p[4], p[3], p[2] and p[1].
G11-TS0-LOG : Test[0]-[9]: result = 1.
0x2007e000: 0x2000
0x2007d000: 0x1000
2 free memory block(s) found
G11-TS0-LOG : Test[0]-[10]: Check mem2_dump return value is two.
G11-TS0-LOG : Test[0]-[10]: result = 1.
G11-TS0-LOG : Test[0]-[11]: Allocating a sixteenth of the RAM (16.666% of the remainder), check not null, not the same as p[0], and therefore p[5], p[4], p[3], p[2] and p[1].
G11-TS0-LOG : Test[0]-[11]: result = 1.
0x2007e000: 0x2000
0x2007d800: 0x800
2 free memory block(s) found
G11-TS0-LOG : Test[0]-[12]: Check mem2_dump return value is two.
G11-TS0-LOG : Test[0]-[12]: result = 1.
0x2007e000: 0x2000
0x20080000: 0x2000
0x2007d800: 0x800
3 free memory block(s) found
G11-TS0-LOG : Test[0]-[13]: Free p[1], checking mem2_dump return val is three.
G11-TS0-LOG : Test[0]-[13]: result = 1.
0x2007e000: 0x2000
0x20080000: 0x2000
0x2007d800: 0x800
0x20083000: 0x800
4 free memory block(s) found
G11-TS0-LOG : Test[0]-[14]: Free p[3], checking mem2_dump return val is four.
G11-TS0-LOG : Test[0]-[14]: result = 1.
0x2007e000: 0x2000
0x20080000: 0x2000
0x20083000: 0x1000
0x2007d800: 0x800
4 free memory block(s) found
G11-TS0-LOG : Test[0]-[15]: Free p[4], checking mem2_dump return val is four.
G11-TS0-LOG : Test[0]-[15]: result = 1.
0x20080000: 0x4000
0x2007e000: 0x2000
0x2007d800: 0x800
3 free memory block(s) found
G11-TS0-LOG : Test[0]-[16]: Free p[2], checking mem2_dump return val is three.
G11-TS0-LOG : Test[0]-[16]: result = 1.
0x20080000: 0x4000
0x2007e000: 0x2000
0x2007d000: 0x1000
3 free memory block(s) found
G11-TS0-LOG : Test[0]-[17]: Free p[6], checking mem2_dump return val is three.
G11-TS0-LOG : Test[0]-[17]: result = 1.
0x2007c000: 0x8000
1 free memory block(s) found
G11-TS0-LOG : Test[0]-[18]: Free p[0], checking mem2_dump return val is one.
G11-TS0-LOG : Test[0]-[18]: result = 1.
G11-TS100: FINISHED
G11-TS0-LOG : Test 0: 19/19 PASSED. Expected = 0x7FFFF, result = 0x7FFFF
G11-TS100: 1/1 test function(s) COMPLETED.
G11-TS100: 19/19 tests PASSED.
G11-TS100: 0/19 tests FAILED.
G11-TS100: END

