G11-TS3: START
G11-TS3-LOG2: TID = 1, task0 entering
==============Task TEST: TID = 1 ===============
==============Task TEST: TID = 1 ===============
==============Task TEST: TID = 1 ===============
==============Task TEST: TID = 1 ===============
==============Task TEST: TID = 1 ===============
==============Task TEST: TID = 1 ===============
==============Task TEST: TID = 1 ===============
==============Task TEST: TID = 1 ===============
==============Task TEST: TID = 1 ===============
==============Task TEST: TID = 1 ===============
==============Task TEST: TID = 1 ===============
==============Task TEST: TID = 1 ===============
==============Task TEST: TID = 1 ===============
==============Task TEST: TID = 1 ===============
==============Task TEST: TID = 1 ========%=======
==============Task TEST: TID = 1 ===============
==============Task TEST: TID = 1 ===============
==============Task TEST: TID = 1 ===============
==============Task TEST: TID = 1a ===============
==============Task TEST: TID = 1 ===============
==============Task TEST: TID = 1 b===============
==============Task TEST: TID = 1 ===============
==============Task TEST: TIcD = 1 ===============
==============Task TEST: TID = 1 ===========KCD COMMAND NOT FOUND

KCD SEND BUFFER SIZE 25C
=o=m=m=an
d= =n=o=t= =f=o=u=n=d=
===Task TEST: TID = 1 ===============
==============Task TEST: TID = 1 ===============
==============Task TEST: TID = 1 ===============
==============Task TEST: TID = 1 ===============
==============Task TEST: TID = 1 ===============
==============Task TEST: TID = 1 ===============
==============Task TEST: TID = 1 ===============
==============Task TEST: TID = 1 ===============
==============Task TEST: TID = 1 ===============
==============Task TEST: TID = 1 ===============
==============Task TEST: TID = 1 ===============
==============Task TEST: TID = 1 ===============
==============Task TEST: TID = 1